<?xml version="1.0" encoding="UTF-8" ?>
<testsuite errors="0" failures="0" hostname="il-borg" name="jenkins.CalculatorTest" skipped="0" tests="6" time="0.085" timestamp="2014-04-07T10:20:25">
  <properties>
[...]
</properties>
  <testcase classname="jenkins.CalculatorTest" name="testMultiply" time="0.002" />
  <testcase classname="jenkins.CalculatorTest" name="testAdd" time="0.0" />
  <testcase classname="jenkins.CalculatorTest" name="testAddString" time="0.001" />
  <testcase classname="jenkins.CalculatorTest" name="testSubtract" time="0.0" />
  <testcase classname="jenkins.CalculatorTest" name="testDivide" time="0.0" />
  <testcase classname="jenkins.CalculatorTest" name="testGetMessage" time="0.001" />
  <system-out><![CDATA[multiply
add
addString
subtract
divide
getMessage
]]></system-out>
  <system-err><![CDATA[]]></system-err>
</testsuite>
